<?xml version="1.0" encoding="UTF-8"?>
<!-- Generated by org.testng.reporters.JUnitReportReporter -->
<testsuite skipped="0" hostname="Mayank" name="http.Get" tests="3" failures="0" timestamp="2022-04-04T16:30:41 IST" time="2.470" errors="0">
  <testcase name="test01" time="1.536" classname="http.Get"/>
  <system-out/>
  <testcase name="test02" time="0.744" classname="http.Get"/>
  <system-out/>
  <testcase name="Get_Test" time="0.190" classname="http.Get"/>
  <system-out/>
</testsuite> <!-- http.Get -->
