<?xml version="1.0" encoding="UTF-8"?>
<!-- Generated by org.testng.reporters.JUnitReportReporter -->
<testsuite skipped="0" hostname="Mayank" name="http.Post" tests="1" failures="0" timestamp="2022-04-05T11:12:32 IST" time="2.102" errors="0">
  <testcase name="test01" time="2.102" classname="http.Post"/>
  <system-out/>
</testsuite> <!-- http.Post -->
