<?xml version="1.0" encoding="UTF-8"?>
<!-- Generated by org.testng.reporters.JUnitReportReporter -->
<testsuite skipped="0" hostname="Mayank" name="http.Put" tests="1" failures="0" timestamp="2022-04-05T11:17:17 IST" time="2.181" errors="0">
  <testcase name="TestPUT" time="2.181" classname="http.Put"/>
  <system-out/>
</testsuite> <!-- http.Put -->
