<?xml version="1.0" encoding="UTF-8"?>
<!-- Generated by org.testng.reporters.JUnitReportReporter -->
<testsuite skipped="0" hostname="Mayank" name="http.Test_Get$Get" tests="3" failures="0" timestamp="2022-04-04T16:28:39 IST" time="2.603" errors="0">
  <testcase name="test01" time="1.546" classname="http.Test_Get$Get"/>
  <system-out/>
  <testcase name="test02" time="0.799" classname="http.Test_Get$Get"/>
  <system-out/>
  <testcase name="Get_Test" time="0.258" classname="http.Test_Get$Get"/>
  <system-out/>
</testsuite> <!-- http.Test_Get$Get -->
