<?xml version="1.0" encoding="UTF-8"?>
<!-- Generated by org.testng.reporters.JUnitReportReporter -->
<testsuite skipped="0" hostname="Mayank" name="http.Patch" tests="1" failures="0" timestamp="2022-04-05T11:20:08 IST" time="2.172" errors="0">
  <testcase name="TestPatch" time="2.172" classname="http.Patch"/>
  <system-out/>
</testsuite> <!-- http.Patch -->
