<?xml version="1.0" encoding="UTF-8"?>
<!-- Generated by org.testng.reporters.JUnitReportReporter -->
<testsuite hostname="DESKTOP-EBDHIKE" failures="0" tests="3" name="http.Get" time="2.611" errors="0" timestamp="2025-03-19T12:37:39 IST" skipped="0">
  <testcase classname="http.Get" name="test01" time="1.728"/>
  <system-out/>
  <testcase classname="http.Get" name="test02" time="0.716"/>
  <system-out/>
  <testcase classname="http.Get" name="Get_Test" time="0.167"/>
  <system-out/>
</testsuite> <!-- http.Get -->
