<?xml version="1.0" encoding="UTF-8"?>
<!-- Generated by org.testng.reporters.JUnitReportReporter -->
<testsuite hostname="DESKTOP-EBDHIKE" failures="0" tests="1" name="http.Delete" time="2.583" errors="0" timestamp="2025-04-07T21:59:48 IST" skipped="0">
  <testcase classname="http.Delete" name="TestDelete" time="2.583"/>
</testsuite> <!-- http.Delete -->
