<?xml version="1.0" encoding="UTF-8"?>
<!-- Generated by org.testng.reporters.JUnitReportReporter -->
<testsuite skipped="0" hostname="Mayank" name="http.Delete" tests="1" failures="0" timestamp="2022-04-05T11:26:08 IST" time="2.100" errors="0">
  <testcase name="TestDelete" time="2.100" classname="http.Delete"/>
  <system-out/>
</testsuite> <!-- http.Delete -->
